<?xml version="1.0" encoding="UTF-8"?>
<!-- Generated by org.testng.reporters.JUnitXMLReporter -->
<testsuite ignored="4" hostname="MacPro-Abdi" failures="1" tests="3" name="Test" time="46.33" errors="0" timestamp="2022-05-24T15:35:04 CEST">
  <testcase classname="listeners.FormDemo_Listeners" name="testAlertPopUp" time="9.143"/>
  <testcase classname="listeners.DropDown_Listeners" name="testSelectFunctionality" time="4.946"/>
  <testcase classname="listeners.TableauDemo_Listeners" name="testActionsClass" time="0.806">
    <failure type="java.lang.IndexOutOfBoundsException" message="Index -1 out of bounds for length 30">
      <![CDATA[java.lang.IndexOutOfBoundsException: Index -1 out of bounds for length 30
at java.base/jdk.internal.util.Preconditions.outOfBounds(Preconditions.java:100)
at java.base/jdk.internal.util.Preconditions.outOfBoundsCheckIndex(Preconditions.java:106)
at java.base/jdk.internal.util.Preconditions.checkIndex(Preconditions.java:302)
at java.base/java.util.Objects.checkIndex(Objects.java:359)
at java.base/java.util.ArrayList.get(ArrayList.java:427)
at listeners.TableauDemo_Listeners.testActionsClass(TableauDemo_Listeners.java:50)
at java.base/java.util.ArrayList.forEach(ArrayList.java:1511)
... Removed 25 stack frames]]>
    </failure>
  </testcase> <!-- testActionsClass -->
  <testcase classname="listeners.Base_Listeners" name="@AfterSuite TearnDown" time="0.0">
    <ignored/>
  </testcase> <!-- @AfterSuite TearnDown -->
  <testcase classname="listeners.Base_Listeners" name="@AfterSuite TearnDown" time="0.0">
    <ignored/>
  </testcase> <!-- @AfterSuite TearnDown -->
  <testcase classname="listeners.Base_Listeners" name="@BeforeSuite SetUpDriver" time="0.0">
    <ignored/>
  </testcase> <!-- @BeforeSuite SetUpDriver -->
  <testcase classname="listeners.Base_Listeners" name="@BeforeSuite SetUpDriver" time="0.0">
    <ignored/>
  </testcase> <!-- @BeforeSuite SetUpDriver -->
</testsuite> <!-- Test -->
