<?xml version="1.0" encoding="UTF-8"?>
<testng-results ignored="0" total="2" passed="2" failed="0" skipped="0">
  <reporter-output>
  </reporter-output>
  <suite started-at="2022-06-08T12:09:45 CEST" name="Suite" finished-at="2022-06-08T12:10:03 CEST" duration-ms="18168">
    <groups>
    </groups>
    <test started-at="2022-06-08T12:09:45 CEST" name="Test" finished-at="2022-06-08T12:10:03 CEST" duration-ms="18168">
      <class name="docker_E2Etest.DropDown_Rapport">
        <test-method is-config="true" signature="setUp()[pri:0, instance:docker_E2Etest.DropDown_Rapport@43301423]" started-at="2022-06-08T12:09:45 CEST" name="setUp" finished-at="2022-06-08T12:09:48 CEST" duration-ms="2824" status="PASS">
          <reporter-output>
          </reporter-output>
        </test-method> <!-- setUp -->
        <test-method signature="testGoogle()[pri:0, instance:docker_E2Etest.DropDown_Rapport@43301423]" started-at="2022-06-08T12:09:48 CEST" name="testGoogle" finished-at="2022-06-08T12:09:51 CEST" duration-ms="3030" status="PASS">
          <reporter-output>
          </reporter-output>
        </test-method> <!-- testGoogle -->
        <test-method is-config="true" signature="tearDown()[pri:0, instance:docker_E2Etest.DropDown_Rapport@43301423]" started-at="2022-06-08T12:09:51 CEST" name="tearDown" finished-at="2022-06-08T12:09:53 CEST" duration-ms="2345" status="PASS">
          <reporter-output>
          </reporter-output>
        </test-method> <!-- tearDown -->
        <test-method is-config="true" signature="setUp()[pri:0, instance:docker_E2Etest.DropDown_Rapport@43301423]" started-at="2022-06-08T12:09:53 CEST" name="setUp" finished-at="2022-06-08T12:09:54 CEST" duration-ms="954" status="PASS">
          <reporter-output>
          </reporter-output>
        </test-method> <!-- setUp -->
        <test-method signature="testSelectFunctionality()[pri:1, instance:docker_E2Etest.DropDown_Rapport@43301423]" started-at="2022-06-08T12:09:54 CEST" name="testSelectFunctionality" finished-at="2022-06-08T12:10:01 CEST" duration-ms="6554" status="PASS">
          <reporter-output>
          </reporter-output>
        </test-method> <!-- testSelectFunctionality -->
        <test-method is-config="true" signature="tearDown()[pri:0, instance:docker_E2Etest.DropDown_Rapport@43301423]" started-at="2022-06-08T12:10:01 CEST" name="tearDown" finished-at="2022-06-08T12:10:03 CEST" duration-ms="2391" status="PASS">
          <reporter-output>
          </reporter-output>
        </test-method> <!-- tearDown -->
      </class> <!-- docker_E2Etest.DropDown_Rapport -->
    </test> <!-- Test -->
  </suite> <!-- Suite -->
</testng-results>
